Using pre-set license
Built from '2020.3/staging' branch; Version is '2020.3.30f1 (1fb1bf06830e) revision 2077119'; Using compiler version '192528614'; Build Type 'Release'
OS: 'Windows 11  (10.0.22000) 64bit Core' Language: 'ko' Physical Memory: 16173 MB
BatchMode: 1, IsHumanControllingUs: 0, StartBugReporterOnCrash: 0, Is64bit: 1, IsPro: 0

COMMAND LINE ARGUMENTS:
C:\Program Files\Unity\Hub\Editor\2020.3.30f1\Editor\Unity.exe
-adb2
-batchMode
-noUpm
-name
AssetImportWorker0
-projectPath
C:/Users/jang0/프로그래밍 중간과제
-logFile
Logs/AssetImportWorker0.log
-srvPort
54165
Successfully changed project path to: C:/Users/jang0/프로그래밍 중간과제
C:/Users/jang0/프로그래밍 중간과제
Using Asset Import Pipeline V2.
Refreshing native plugins compatible for Editor in 35.34 ms, found 2 plugins.
Preloading 0 native plugins for Editor in 0.00 ms.
Initialize engine version: 2020.3.30f1 (1fb1bf06830e)
[Subsystems] Discovering subsystems at path C:/Program Files/Unity/Hub/Editor/2020.3.30f1/Editor/Data/Resources/UnitySubsystems
[Subsystems] Discovering subsystems at path C:/Users/jang0/프로그래밍 중간과제/Assets
GfxDevice: creating device client; threaded=0
Direct3D:
    Version:  Direct3D 11.0 [level 11.1]
    Renderer: NVIDIA GeForce GTX 1650 Ti (ID=0x1f95)
    Vendor:   
    VRAM:     3962 MB
    Driver:   27.21.14.6275
Initialize mono
Mono path[0] = 'C:/Program Files/Unity/Hub/Editor/2020.3.30f1/Editor/Data/Managed'
Mono path[1] = 'C:/Program Files/Unity/Hub/Editor/2020.3.30f1/Editor/Data/MonoBleedingEdge/lib/mono/unityjit'
Mono config path = 'C:/Program Files/Unity/Hub/Editor/2020.3.30f1/Editor/Data/MonoBleedingEdge/etc'
Using monoOptions --debugger-agent=transport=dt_socket,embedding=1,server=y,suspend=n,address=127.0.0.1:56028
Begin MonoManager ReloadAssembly
Registering precompiled unity dll's ...
Register platform support module: C:/Program Files/Unity/Hub/Editor/2020.3.30f1/Editor/Data/PlaybackEngines/WindowsStandaloneSupport/UnityEditor.WindowsStandalone.Extensions.dll
Registered in 0.001320 seconds.
Native extension for WindowsStandalone target not found
Refreshing native plugins compatible for Editor in 33.91 ms, found 2 plugins.
Preloading 0 native plugins for Editor in 0.00 ms.
Mono: successfully reloaded assembly
- Completed reload, in  0.527 seconds
Domain Reload Profiling:
	ReloadAssembly (528ms)
		BeginReloadAssembly (60ms)
			ExecutionOrderSort (0ms)
			DisableScriptedObjects (0ms)
			BackupInstance (0ms)
			ReleaseScriptingObjects (0ms)
			CreateAndSetChildDomain (1ms)
		EndReloadAssembly (404ms)
			LoadAssemblies (58ms)
			RebuildTransferFunctionScriptingTraits (0ms)
			SetupTypeCache (135ms)
			ReleaseScriptCaches (0ms)
			RebuildScriptCaches (27ms)
			SetupLoadedEditorAssemblies (148ms)
				LogAssemblyErrors (0ms)
				InitializePlatformSupportModulesInManaged (4ms)
				SetLoadedEditorAssemblies (0ms)
				RefreshPlugins (34ms)
				BeforeProcessingInitializeOnLoad (7ms)
				ProcessInitializeOnLoadAttributes (75ms)
				ProcessInitializeOnLoadMethodAttributes (27ms)
				AfterProcessingInitializeOnLoad (0ms)
				EditorAssembliesLoaded (0ms)
			ExecutionOrderSort2 (0ms)
			AwakeInstancesAfterBackupRestoration (0ms)
Platform modules already initialized, skipping
Registering precompiled user dll's ...
Registered in 0.002588 seconds.
Begin MonoManager ReloadAssembly
Native extension for WindowsStandalone target not found
Refreshing native plugins compatible for Editor in 0.34 ms, found 2 plugins.
Preloading 0 native plugins for Editor in 0.00 ms.
Mono: successfully reloaded assembly
- Completed reload, in  0.888 seconds
Domain Reload Profiling:
	ReloadAssembly (889ms)
		BeginReloadAssembly (137ms)
			ExecutionOrderSort (0ms)
			DisableScriptedObjects (5ms)
			BackupInstance (0ms)
			ReleaseScriptingObjects (0ms)
			CreateAndSetChildDomain (16ms)
		EndReloadAssembly (698ms)
			LoadAssemblies (85ms)
			RebuildTransferFunctionScriptingTraits (0ms)
			SetupTypeCache (241ms)
			ReleaseScriptCaches (0ms)
			RebuildScriptCaches (37ms)
			SetupLoadedEditorAssemblies (262ms)
				LogAssemblyErrors (0ms)
				InitializePlatformSupportModulesInManaged (4ms)
				SetLoadedEditorAssemblies (0ms)
				RefreshPlugins (0ms)
				BeforeProcessingInitializeOnLoad (49ms)
				ProcessInitializeOnLoadAttributes (194ms)
				ProcessInitializeOnLoadMethodAttributes (9ms)
				AfterProcessingInitializeOnLoad (5ms)
				EditorAssembliesLoaded (0ms)
			ExecutionOrderSort2 (0ms)
			AwakeInstancesAfterBackupRestoration (6ms)
Platform modules already initialized, skipping
========================================================================
Worker process is ready to serve import requests
Launched and connected shader compiler UnityShaderCompiler.exe after 0.09 seconds
Refreshing native plugins compatible for Editor in 0.40 ms, found 2 plugins.
Preloading 0 native plugins for Editor in 0.00 ms.
Unloading 1528 Unused Serialized files (Serialized files now loaded: 0)
System memory in use before: 89.7 MB.
System memory in use after: 89.7 MB.

Unloading 16 unused Assets to reduce memory usage. Loaded Objects now: 1991.
Total: 2.329900 ms (FindLiveObjects: 0.122400 ms CreateObjectMapping: 0.051300 ms MarkObjects: 2.080500 ms  DeleteObjects: 0.074900 ms)

AssetImportParameters requested are different than current active one (requested -> active):
  custom:framework-win-MediaFoundation: 216162199b28c13a410421893ffa2e32 -> 
  custom:video-decoder-ogg-theora: a1e56fd34408186e4bbccfd4996cb3dc -> 
  custom:container-muxer-webm: aa71ff27fc2769a1b78a27578f13a17b -> 
  custom:container-demuxer-webm: 4f35f7cbe854078d1ac9338744f61a02 -> 
  custom:container-demuxer-ogg: 62fdf1f143b41e24485cea50d1cbac27 -> 
  custom:video-encoder-webm-vp8: eb34c28f22e8b96e1ab97ce403110664 -> 
  custom:video-codec-MediaFoundation-h265: 746d11721c4dcdbdad8f713fa42b33f4 -> 
  custom:video-decoder-webm-vp8: 9c59270c3fd7afecdb556c50c9e8de78 -> 
  custom:audio-decoder-ogg-vorbis: bf7c407c2cedff20999df2af8eb42d56 -> 
  custom:audio-encoder-webm-vorbis: bf7c407c2cedff20999df2af8eb42d56 -> 
========================================================================
Received Import Request.
  path: Assets/경비실.fbx
  artifactKey: Guid(61b3bf36d2b29c44c8d9b2f9d6f2db66) Importer(815301076,1909f56bfc062723c751e8b465ee728b)
Start importing Assets/경비실.fbx using Guid(61b3bf36d2b29c44c8d9b2f9d6f2db66) Importer(815301076,1909f56bfc062723c751e8b465ee728b)  -> (artifact id: 'f0c6f2cab643efb5edf1a5aa19f77019') in 0.144784 seconds 
========================================================================
Received Import Request.
  Time since last request: 1.770453 seconds.
  path: Assets/경비실.fbx
  artifactKey: Guid(61b3bf36d2b29c44c8d9b2f9d6f2db66) Importer(815301076,1909f56bfc062723c751e8b465ee728b)
Start importing Assets/경비실.fbx using Guid(61b3bf36d2b29c44c8d9b2f9d6f2db66) Importer(815301076,1909f56bfc062723c751e8b465ee728b)  -> (artifact id: '3cf1fbd5e04b40daf9b0b1bf88079a0a') in 0.033787 seconds 
========================================================================
Received Import Request.
  Time since last request: 0.000265 seconds.
  path: Assets/금속.jpg
  artifactKey: Guid(03bd914cdaaad1340ba2277b77093735) Importer(815301076,1909f56bfc062723c751e8b465ee728b)
Start importing Assets/금속.jpg using Guid(03bd914cdaaad1340ba2277b77093735) Importer(815301076,1909f56bfc062723c751e8b465ee728b)  -> (artifact id: '5eb1e44292fcdccc79b2aaf32fcd08a7') in 0.019578 seconds 
========================================================================
Received Import Request.
  Time since last request: 114.094764 seconds.
  path: Assets/small_town_america/general
  artifactKey: Guid(aa0cd22bf553c854f874f1630a90f5dc) Importer(815301076,1909f56bfc062723c751e8b465ee728b)
Start importing Assets/small_town_america/general using Guid(aa0cd22bf553c854f874f1630a90f5dc) Importer(815301076,1909f56bfc062723c751e8b465ee728b)  -> (artifact id: 'bf01237f51db7161f8f1fb4a91670414') in 0.005868 seconds 
========================================================================
Received Import Request.
  Time since last request: 14.623234 seconds.
  path: Assets/StreetLightsPack/Models/StreetLights1/Textures
  artifactKey: Guid(7af20aabf25f727488fee82ab9e9a82d) Importer(815301076,1909f56bfc062723c751e8b465ee728b)
Start importing Assets/StreetLightsPack/Models/StreetLights1/Textures using Guid(7af20aabf25f727488fee82ab9e9a82d) Importer(815301076,1909f56bfc062723c751e8b465ee728b)  -> (artifact id: 'b1ee8826f8fe420ac402db111a5115f1') in 0.005595 seconds 
========================================================================
Received Import Request.
  Time since last request: 3.992824 seconds.
  path: Assets/StreetLightsPack/Models/StreetLights1/Materials/mat1.mat
  artifactKey: Guid(172d0a91065094f46881bb2eba57e4a5) Importer(815301076,1909f56bfc062723c751e8b465ee728b)
Start importing Assets/StreetLightsPack/Models/StreetLights1/Materials/mat1.mat using Guid(172d0a91065094f46881bb2eba57e4a5) Importer(815301076,1909f56bfc062723c751e8b465ee728b)  -> (artifact id: 'ca33520a3a80628c47964b1f816194a6') in 0.018954 seconds 
========================================================================
Received Import Request.
  Time since last request: 0.000130 seconds.
  path: Assets/StreetLightsPack/Models/StreetLights1/Materials/mat12.mat
  artifactKey: Guid(942181f2f5cbb9a48bcfbf77713968b3) Importer(815301076,1909f56bfc062723c751e8b465ee728b)
Start importing Assets/StreetLightsPack/Models/StreetLights1/Materials/mat12.mat using Guid(942181f2f5cbb9a48bcfbf77713968b3) Importer(815301076,1909f56bfc062723c751e8b465ee728b)  -> (artifact id: '6645679b8864ba4e721ef8870e8844f6') in 0.033303 seconds 
========================================================================
Received Import Request.
  Time since last request: 0.000186 seconds.
  path: Assets/StreetLightsPack/Models/StreetLights1/Materials/mat9.mat
  artifactKey: Guid(eb8e6e2e2f2cd0d4c9a999b43308ccd3) Importer(815301076,1909f56bfc062723c751e8b465ee728b)
Start importing Assets/StreetLightsPack/Models/StreetLights1/Materials/mat9.mat using Guid(eb8e6e2e2f2cd0d4c9a999b43308ccd3) Importer(815301076,1909f56bfc062723c751e8b465ee728b)  -> (artifact id: 'f12243a10da40d8c67e5905bf2043b69') in 0.024620 seconds 
========================================================================
Received Import Request.
  Time since last request: 0.000218 seconds.
  path: Assets/StreetLightsPack/Models/StreetLights1/Materials/mat10.mat
  artifactKey: Guid(7efedb818b30d034f913856a7681adbf) Importer(815301076,1909f56bfc062723c751e8b465ee728b)
Start importing Assets/StreetLightsPack/Models/StreetLights1/Materials/mat10.mat using Guid(7efedb818b30d034f913856a7681adbf) Importer(815301076,1909f56bfc062723c751e8b465ee728b)  -> (artifact id: '764f9c461fd568b49d770c6b3fdf6bf8') in 0.026051 seconds 
========================================================================
Received Import Request.
  Time since last request: 0.000212 seconds.
  path: Assets/StreetLightsPack/Models/StreetLights1/Materials/mat4.mat
  artifactKey: Guid(1a6072841a9959243a0dece139196933) Importer(815301076,1909f56bfc062723c751e8b465ee728b)
Start importing Assets/StreetLightsPack/Models/StreetLights1/Materials/mat4.mat using Guid(1a6072841a9959243a0dece139196933) Importer(815301076,1909f56bfc062723c751e8b465ee728b)  -> (artifact id: '4147245c95a847a794394ba0487fd9c9') in 0.024237 seconds 
========================================================================
Received Import Request.
  Time since last request: 0.000289 seconds.
  path: Assets/StreetLightsPack/Models/StreetLights1/Materials/mat11.mat
  artifactKey: Guid(5c52223eba37841409e1c3919d574e81) Importer(815301076,1909f56bfc062723c751e8b465ee728b)
Start importing Assets/StreetLightsPack/Models/StreetLights1/Materials/mat11.mat using Guid(5c52223eba37841409e1c3919d574e81) Importer(815301076,1909f56bfc062723c751e8b465ee728b)  -> (artifact id: '5ecefc434ec47eb8eb804df4b85df537') in 0.023456 seconds 
========================================================================
Received Import Request.
  Time since last request: 0.000212 seconds.
  path: Assets/StreetLightsPack/Models/StreetLights1/Materials/mat13.mat
  artifactKey: Guid(00a8bbb130f7e3845b7b670deaabef03) Importer(815301076,1909f56bfc062723c751e8b465ee728b)
Start importing Assets/StreetLightsPack/Models/StreetLights1/Materials/mat13.mat using Guid(00a8bbb130f7e3845b7b670deaabef03) Importer(815301076,1909f56bfc062723c751e8b465ee728b)  -> (artifact id: '394f9ad0f9b162501dea9babd83019ac') in 0.027571 seconds 
========================================================================
Received Import Request.
  Time since last request: 0.000217 seconds.
  path: Assets/StreetLightsPack/Models/StreetLights1/Materials/mat14.mat
  artifactKey: Guid(1fb6f4558d226ad4eb6254a93e49a2fb) Importer(815301076,1909f56bfc062723c751e8b465ee728b)
Start importing Assets/StreetLightsPack/Models/StreetLights1/Materials/mat14.mat using Guid(1fb6f4558d226ad4eb6254a93e49a2fb) Importer(815301076,1909f56bfc062723c751e8b465ee728b)  -> (artifact id: 'f03020dd4a1034427140383053e22111') in 0.025239 seconds 
========================================================================
Received Import Request.
  Time since last request: 0.000258 seconds.
  path: Assets/StreetLightsPack/Models/StreetLights1/Materials/mat15.mat
  artifactKey: Guid(843b1fb8a57e37f43a4dfdfd2fee5cdb) Importer(815301076,1909f56bfc062723c751e8b465ee728b)
Start importing Assets/StreetLightsPack/Models/StreetLights1/Materials/mat15.mat using Guid(843b1fb8a57e37f43a4dfdfd2fee5cdb) Importer(815301076,1909f56bfc062723c751e8b465ee728b)  -> (artifact id: 'a99a599503628412cca6c3f700af1c98') in 0.026301 seconds 
========================================================================
Received Import Request.
  Time since last request: 0.000198 seconds.
  path: Assets/StreetLightsPack/Models/StreetLights1/Materials/mat18.mat
  artifactKey: Guid(bedebf15fc4e5f84c8d2b9943ff4d679) Importer(815301076,1909f56bfc062723c751e8b465ee728b)
Start importing Assets/StreetLightsPack/Models/StreetLights1/Materials/mat18.mat using Guid(bedebf15fc4e5f84c8d2b9943ff4d679) Importer(815301076,1909f56bfc062723c751e8b465ee728b)  -> (artifact id: '2ef01abdbb7b4bf671a4040019d1e37d') in 0.023348 seconds 
========================================================================
Received Import Request.
  Time since last request: 0.000174 seconds.
  path: Assets/StreetLightsPack/Models/StreetLights1/Materials/mat5.mat
  artifactKey: Guid(fabfc25a6d50e4740a656760f34dc4f3) Importer(815301076,1909f56bfc062723c751e8b465ee728b)
Start importing Assets/StreetLightsPack/Models/StreetLights1/Materials/mat5.mat using Guid(fabfc25a6d50e4740a656760f34dc4f3) Importer(815301076,1909f56bfc062723c751e8b465ee728b)  -> (artifact id: 'b5b9a6bc78790cadcf8292f569b2f8ef') in 0.026338 seconds 
========================================================================
Received Import Request.
  Time since last request: 0.000203 seconds.
  path: Assets/StreetLightsPack/Models/StreetLights1/Materials/mat8.mat
  artifactKey: Guid(eb5866c475309e24ca426e1243f57031) Importer(815301076,1909f56bfc062723c751e8b465ee728b)
Start importing Assets/StreetLightsPack/Models/StreetLights1/Materials/mat8.mat using Guid(eb5866c475309e24ca426e1243f57031) Importer(815301076,1909f56bfc062723c751e8b465ee728b)  -> (artifact id: 'daa525c6d121945c73b560081ce9d615') in 0.025097 seconds 
========================================================================
Received Import Request.
  Time since last request: 0.000196 seconds.
  path: Assets/StreetLightsPack/Models/StreetLights1/Materials/mat2.mat
  artifactKey: Guid(0ed58da6df81cc94896a5e65ecc91f30) Importer(815301076,1909f56bfc062723c751e8b465ee728b)
Start importing Assets/StreetLightsPack/Models/StreetLights1/Materials/mat2.mat using Guid(0ed58da6df81cc94896a5e65ecc91f30) Importer(815301076,1909f56bfc062723c751e8b465ee728b)  -> (artifact id: '424adbf73ca40f06358263b1de4265f4') in 0.027256 seconds 
========================================================================
Received Import Request.
  Time since last request: 0.000216 seconds.
  path: Assets/StreetLightsPack/Models/StreetLights1/Materials/mat16.mat
  artifactKey: Guid(9b5d8d92fbdb7ff4596d2e40dc4a3585) Importer(815301076,1909f56bfc062723c751e8b465ee728b)
Start importing Assets/StreetLightsPack/Models/StreetLights1/Materials/mat16.mat using Guid(9b5d8d92fbdb7ff4596d2e40dc4a3585) Importer(815301076,1909f56bfc062723c751e8b465ee728b)  -> (artifact id: 'fc79e2756c05242d485758eb37df95da') in 0.023929 seconds 
========================================================================
Received Import Request.
  Time since last request: 0.000208 seconds.
  path: Assets/StreetLightsPack/Models/StreetLights1/Materials/mat17.mat
  artifactKey: Guid(747505f7e507f184a9ff32304e1eef05) Importer(815301076,1909f56bfc062723c751e8b465ee728b)
Start importing Assets/StreetLightsPack/Models/StreetLights1/Materials/mat17.mat using Guid(747505f7e507f184a9ff32304e1eef05) Importer(815301076,1909f56bfc062723c751e8b465ee728b)  -> (artifact id: '8744aa0cca122a9c640562834177c9e4') in 0.025305 seconds 
========================================================================
Received Import Request.
  Time since last request: 0.000220 seconds.
  path: Assets/StreetLightsPack/Models/StreetLights1/Materials/mat20.mat
  artifactKey: Guid(155b12020f502c3498ea6e05df210f08) Importer(815301076,1909f56bfc062723c751e8b465ee728b)
Start importing Assets/StreetLightsPack/Models/StreetLights1/Materials/mat20.mat using Guid(155b12020f502c3498ea6e05df210f08) Importer(815301076,1909f56bfc062723c751e8b465ee728b)  -> (artifact id: '12f8c80bfaef0d3eb0bf53a43d658371') in 0.017040 seconds 
========================================================================
Received Import Request.
  Time since last request: 0.000187 seconds.
  path: Assets/StreetLightsPack/Models/StreetLights1/Materials/mat6.mat
  artifactKey: Guid(7293e1c0e949f934d89346c12b83e063) Importer(815301076,1909f56bfc062723c751e8b465ee728b)
Start importing Assets/StreetLightsPack/Models/StreetLights1/Materials/mat6.mat using Guid(7293e1c0e949f934d89346c12b83e063) Importer(815301076,1909f56bfc062723c751e8b465ee728b)  -> (artifact id: 'ff1afbca1d364fcffc90067ba658775a') in 0.018289 seconds 
========================================================================
Received Import Request.
  Time since last request: 0.000260 seconds.
  path: Assets/StreetLightsPack/Models/StreetLights1/Materials/mat7.mat
  artifactKey: Guid(14acf356d31836b4dbb218da6af1c497) Importer(815301076,1909f56bfc062723c751e8b465ee728b)
Start importing Assets/StreetLightsPack/Models/StreetLights1/Materials/mat7.mat using Guid(14acf356d31836b4dbb218da6af1c497) Importer(815301076,1909f56bfc062723c751e8b465ee728b)  -> (artifact id: '48f08f4cafe4f1bc20c8bca6e2f0ff3d') in 0.017035 seconds 
========================================================================
Received Import Request.
  Time since last request: 0.000181 seconds.
  path: Assets/StreetLightsPack/Models/StreetLights1/Materials/mat19.mat
  artifactKey: Guid(e2402792e0704924f99de4880cb86a08) Importer(815301076,1909f56bfc062723c751e8b465ee728b)
Start importing Assets/StreetLightsPack/Models/StreetLights1/Materials/mat19.mat using Guid(e2402792e0704924f99de4880cb86a08) Importer(815301076,1909f56bfc062723c751e8b465ee728b)  -> (artifact id: '5702bb1aaef2ae45adceb11f724d4398') in 0.017347 seconds 
========================================================================
Received Import Request.
  Time since last request: 0.000210 seconds.
  path: Assets/StreetLightsPack/Models/StreetLights1/Materials/mat3.mat
  artifactKey: Guid(9c6dc3fc00d8b844f8196ac27f9f2599) Importer(815301076,1909f56bfc062723c751e8b465ee728b)
Start importing Assets/StreetLightsPack/Models/StreetLights1/Materials/mat3.mat using Guid(9c6dc3fc00d8b844f8196ac27f9f2599) Importer(815301076,1909f56bfc062723c751e8b465ee728b)  -> (artifact id: '0a41209e42690ea259f38ee6313ab2ac') in 0.018738 seconds 
========================================================================
Received Import Request.
  Time since last request: 3.359260 seconds.
  path: Assets/Waldemarst/JapaneseGardenPackage
  artifactKey: Guid(699b139d106114f24ad4b1e7be5035ab) Importer(815301076,1909f56bfc062723c751e8b465ee728b)
Start importing Assets/Waldemarst/JapaneseGardenPackage using Guid(699b139d106114f24ad4b1e7be5035ab) Importer(815301076,1909f56bfc062723c751e8b465ee728b)  -> (artifact id: '72f334632535729998b31016c8458783') in 0.005742 seconds 
========================================================================
Received Import Request.
  Time since last request: 122.726460 seconds.
  path: Assets/경비실.fbx
  artifactKey: Guid(61b3bf36d2b29c44c8d9b2f9d6f2db66) Importer(815301076,1909f56bfc062723c751e8b465ee728b)
Start importing Assets/경비실.fbx using Guid(61b3bf36d2b29c44c8d9b2f9d6f2db66) Importer(815301076,1909f56bfc062723c751e8b465ee728b)  -> (artifact id: '1992d59e35e6b2c1cb1c65fe0208cb7c') in 0.048021 seconds 
========================================================================
Received Import Request.
  Time since last request: 3.357078 seconds.
  path: Assets/금속 1.jpg
  artifactKey: Guid(0308b72f23d1c4a4aaf90d6f20bf5ae2) Importer(815301076,1909f56bfc062723c751e8b465ee728b)
Start importing Assets/금속 1.jpg using Guid(0308b72f23d1c4a4aaf90d6f20bf5ae2) Importer(815301076,1909f56bfc062723c751e8b465ee728b)  -> (artifact id: '16d193a031ae042a442e4396a0cafc62') in 0.015383 seconds 
========================================================================
Received Import Request.
  Time since last request: 2.113936 seconds.
  path: Assets/금속 텍스처 1.png
  artifactKey: Guid(722472adde4f8cc47b2d64e73a0c24d3) Importer(815301076,1909f56bfc062723c751e8b465ee728b)
Start importing Assets/금속 텍스처 1.png using Guid(722472adde4f8cc47b2d64e73a0c24d3) Importer(815301076,1909f56bfc062723c751e8b465ee728b)  -> (artifact id: '349cdb4abc3a44ca9e686686276c1ab5') in 0.017208 seconds 
========================================================================
Received Import Request.
  Time since last request: 41.403821 seconds.
  path: Assets/meatal.mat
  artifactKey: Guid(6e8b09061e73fac478b7db62f72267ee) Importer(815301076,1909f56bfc062723c751e8b465ee728b)
Start importing Assets/meatal.mat using Guid(6e8b09061e73fac478b7db62f72267ee) Importer(815301076,1909f56bfc062723c751e8b465ee728b)  -> (artifact id: '8374b962faffbe33221697cef60fe9e5') in 0.014743 seconds 
========================================================================
Received Import Request.
  Time since last request: 118.251729 seconds.
  path: Assets/metal2.mat
  artifactKey: Guid(2b71cf04964075d4184bd6969d9dd4db) Importer(815301076,1909f56bfc062723c751e8b465ee728b)
Start importing Assets/metal2.mat using Guid(2b71cf04964075d4184bd6969d9dd4db) Importer(815301076,1909f56bfc062723c751e8b465ee728b)  -> (artifact id: 'db62b9acbdfce88d5c03ca7f513eabbf') in 0.016751 seconds 
========================================================================
Received Import Request.
  Time since last request: 89.336557 seconds.
  path: Assets/창문.jpg
  artifactKey: Guid(f1f04edd28fcf55438254690ff5f3cfd) Importer(815301076,1909f56bfc062723c751e8b465ee728b)
Start importing Assets/창문.jpg using Guid(f1f04edd28fcf55438254690ff5f3cfd) Importer(815301076,1909f56bfc062723c751e8b465ee728b)  -> (artifact id: '883a074c0e8b618b66b44444a87c8245') in 0.012792 seconds 
========================================================================
Received Import Request.
  Time since last request: 121.240859 seconds.
  path: Assets/small_town_america/general/textures
  artifactKey: Guid(03cbf40b76fba044c8f2a20fb9c9abc9) Importer(815301076,1909f56bfc062723c751e8b465ee728b)
Start importing Assets/small_town_america/general/textures using Guid(03cbf40b76fba044c8f2a20fb9c9abc9) Importer(815301076,1909f56bfc062723c751e8b465ee728b)  -> (artifact id: '7f1211f57ccb3fd26a5f015dcc49eb70') in 0.006086 seconds 
========================================================================
Received Import Request.
  Time since last request: 71.990561 seconds.
  path: Assets/small_town_america/general/textures/street
  artifactKey: Guid(052a6b0a9af4b7141b98744d03db67d3) Importer(815301076,1909f56bfc062723c751e8b465ee728b)
Start importing Assets/small_town_america/general/textures/street using Guid(052a6b0a9af4b7141b98744d03db67d3) Importer(815301076,1909f56bfc062723c751e8b465ee728b)  -> (artifact id: 'a4af8224654992f05ca607920516aa7e') in 0.005690 seconds 
========================================================================
Received Import Request.
  Time since last request: 362.504428 seconds.
  path: Assets/small_town_america/general/materials/barricades_carstop_m.mat
  artifactKey: Guid(0275d66964101f6429849c355bb6e60a) Importer(815301076,1909f56bfc062723c751e8b465ee728b)
Start importing Assets/small_town_america/general/materials/barricades_carstop_m.mat using Guid(0275d66964101f6429849c355bb6e60a) Importer(815301076,1909f56bfc062723c751e8b465ee728b)  -> (artifact id: '26745e76bc7b309c988f499fa043a5c7') in 0.046434 seconds 
========================================================================
Received Import Request.
  Time since last request: 0.000272 seconds.
  path: Assets/small_town_america/general/materials/general_flagpole_m.mat
  artifactKey: Guid(19c2479f4ac57894e9205d9238d25ec2) Importer(815301076,1909f56bfc062723c751e8b465ee728b)
Start importing Assets/small_town_america/general/materials/general_flagpole_m.mat using Guid(19c2479f4ac57894e9205d9238d25ec2) Importer(815301076,1909f56bfc062723c751e8b465ee728b)  -> (artifact id: '40c0c259c194b6b71b011f7a06ef5760') in 0.028949 seconds 
========================================================================
Received Import Request.
  Time since last request: 0.000309 seconds.
  path: Assets/small_town_america/general/materials/road_signs_pole.mat
  artifactKey: Guid(d4b079e98d5b6f84f92664190ef95721) Importer(815301076,1909f56bfc062723c751e8b465ee728b)
Start importing Assets/small_town_america/general/materials/road_signs_pole.mat using Guid(d4b079e98d5b6f84f92664190ef95721) Importer(815301076,1909f56bfc062723c751e8b465ee728b)  -> (artifact id: '81a9b59d821e024f3e6b5b28036cb9f6') in 0.021656 seconds 
========================================================================
Received Import Request.
  Time since last request: 0.000200 seconds.
  path: Assets/small_town_america/general/materials/NewLayer.terrainlayer
  artifactKey: Guid(22fc57fc997636f439cfbed86245f536) Importer(815301076,1909f56bfc062723c751e8b465ee728b)
Start importing Assets/small_town_america/general/materials/NewLayer.terrainlayer using Guid(22fc57fc997636f439cfbed86245f536) Importer(815301076,1909f56bfc062723c751e8b465ee728b)  -> (artifact id: 'f2e26bc2c6e5559fc59641c66b632fc9') in 0.021546 seconds 
========================================================================
Received Import Request.
  Time since last request: 0.000200 seconds.
  path: Assets/small_town_america/general/materials/street_pavement.mat
  artifactKey: Guid(db31076ba1760ef4f9c335f799c085ec) Importer(815301076,1909f56bfc062723c751e8b465ee728b)
Start importing Assets/small_town_america/general/materials/street_pavement.mat using Guid(db31076ba1760ef4f9c335f799c085ec) Importer(815301076,1909f56bfc062723c751e8b465ee728b)  -> (artifact id: '3b89779e4dfaea53e3f9f0e452ddcb03') in 0.025234 seconds 
========================================================================
Received Import Request.
  Time since last request: 0.000262 seconds.
  path: Assets/small_town_america/general/materials/general_rope_flag_m.mat
  artifactKey: Guid(5391500aea8116749abe517b3f51b3d9) Importer(815301076,1909f56bfc062723c751e8b465ee728b)
Start importing Assets/small_town_america/general/materials/general_rope_flag_m.mat using Guid(5391500aea8116749abe517b3f51b3d9) Importer(815301076,1909f56bfc062723c751e8b465ee728b)  -> (artifact id: '94fd70f7b696d42523b383ede357cdaa') in 0.014033 seconds 
========================================================================
Received Import Request.
  Time since last request: 0.000224 seconds.
  path: Assets/small_town_america/general/materials/general_flag_m.mat
  artifactKey: Guid(5109fdd91840ac040b590a1e77e2638a) Importer(815301076,1909f56bfc062723c751e8b465ee728b)
Start importing Assets/small_town_america/general/materials/general_flag_m.mat using Guid(5109fdd91840ac040b590a1e77e2638a) Importer(815301076,1909f56bfc062723c751e8b465ee728b)  -> (artifact id: '24986c86940040c11ff1a9641ad10f5b') in 0.018411 seconds 
========================================================================
Received Import Request.
  Time since last request: 0.000217 seconds.
  path: Assets/small_town_america/general/materials/road_signs.mat
  artifactKey: Guid(ebabcc09fc1d6024d8fbea921ac77f89) Importer(815301076,1909f56bfc062723c751e8b465ee728b)
Start importing Assets/small_town_america/general/materials/road_signs.mat using Guid(ebabcc09fc1d6024d8fbea921ac77f89) Importer(815301076,1909f56bfc062723c751e8b465ee728b)  -> (artifact id: '955c0e18cf4522aebf17e231ad0c7f01') in 0.027298 seconds 
========================================================================
Received Import Request.
  Time since last request: 97.379640 seconds.
  path: Assets/Fence pack/Models
  artifactKey: Guid(6b73811e65e754b41a10003a50a8b4b0) Importer(815301076,1909f56bfc062723c751e8b465ee728b)
Start importing Assets/Fence pack/Models using Guid(6b73811e65e754b41a10003a50a8b4b0) Importer(815301076,1909f56bfc062723c751e8b465ee728b)  -> (artifact id: 'b73b48ecf34dda0eac385fee2cc2c22d') in 0.005150 seconds 
========================================================================
Received Import Request.
  Time since last request: 0.061706 seconds.
  path: Assets/Fence pack/Models/brick_fence_01.fbx
  artifactKey: Guid(a336f2b241b12f1408ca2172e9028dc4) Importer(815301076,1909f56bfc062723c751e8b465ee728b)
Start importing Assets/Fence pack/Models/brick_fence_01.fbx using Guid(a336f2b241b12f1408ca2172e9028dc4) Importer(815301076,1909f56bfc062723c751e8b465ee728b)  -> (artifact id: '1bc69c21f3514e94802809b6b1ea49c1') in 0.068683 seconds 
========================================================================
Received Import Request.
  Time since last request: 0.000154 seconds.
  path: Assets/Fence pack/Models/fence_c.FBX
  artifactKey: Guid(2e0e9a50b34e6cd4faee57ff3c4131f3) Importer(815301076,1909f56bfc062723c751e8b465ee728b)
Start importing Assets/Fence pack/Models/fence_c.FBX using Guid(2e0e9a50b34e6cd4faee57ff3c4131f3) Importer(815301076,1909f56bfc062723c751e8b465ee728b)  -> (artifact id: '59465210bb0c4b6313a346bfa9c4cad2') in 0.094795 seconds 
========================================================================
Received Import Request.
  Time since last request: 0.000179 seconds.
  path: Assets/Fence pack/Models/fence_d.FBX
  artifactKey: Guid(a25322ef3b67b4f48984a31ab26fd509) Importer(815301076,1909f56bfc062723c751e8b465ee728b)
Start importing Assets/Fence pack/Models/fence_d.FBX using Guid(a25322ef3b67b4f48984a31ab26fd509) Importer(815301076,1909f56bfc062723c751e8b465ee728b)  -> (artifact id: '6ac73c8838695108cdadec5bf83f95ff') in 0.016757 seconds 
========================================================================
Received Import Request.
  Time since last request: 0.000197 seconds.
  path: Assets/Fence pack/Models/fence_a.FBX
  artifactKey: Guid(ae6d8c29d2f4da04e8aac0d1fed458b1) Importer(815301076,1909f56bfc062723c751e8b465ee728b)
Start importing Assets/Fence pack/Models/fence_a.FBX using Guid(ae6d8c29d2f4da04e8aac0d1fed458b1) Importer(815301076,1909f56bfc062723c751e8b465ee728b)  -> (artifact id: 'b77f40e92071a73832ab8f65964483cf') in 0.071186 seconds 
========================================================================
Received Import Request.
  Time since last request: 0.000173 seconds.
  path: Assets/Fence pack/Models/fence_b.FBX
  artifactKey: Guid(f972164d553941d4ba8d8940ad190d06) Importer(815301076,1909f56bfc062723c751e8b465ee728b)
Start importing Assets/Fence pack/Models/fence_b.FBX using Guid(f972164d553941d4ba8d8940ad190d06) Importer(815301076,1909f56bfc062723c751e8b465ee728b)  -> (artifact id: '3a3097b5d71ae7e016ea2d6a57bd6b02') in 0.043709 seconds 
========================================================================
Received Import Request.
  Time since last request: 0.000149 seconds.
  path: Assets/Fence pack/Models/Fence_ef.FBX
  artifactKey: Guid(efc2b75f60cd9dd45a1dedda9c196020) Importer(815301076,1909f56bfc062723c751e8b465ee728b)
Start importing Assets/Fence pack/Models/Fence_ef.FBX using Guid(efc2b75f60cd9dd45a1dedda9c196020) Importer(815301076,1909f56bfc062723c751e8b465ee728b)  -> (artifact id: '3a927984994690aa007d142fb6a0b5e4') in 0.046760 seconds 
========================================================================
Received Import Request.
  Time since last request: 44.310661 seconds.
  path: Assets/Fence pack/Materials/fence_a.mat
  artifactKey: Guid(b025ab45d4e013946bc626ebc33cd540) Importer(815301076,1909f56bfc062723c751e8b465ee728b)
Start importing Assets/Fence pack/Materials/fence_a.mat using Guid(b025ab45d4e013946bc626ebc33cd540) Importer(815301076,1909f56bfc062723c751e8b465ee728b)  -> (artifact id: 'ee84637ace90a5571c2327afb7915156') in 0.020813 seconds 
========================================================================
Received Import Request.
  Time since last request: 0.000189 seconds.
  path: Assets/Fence pack/Materials/fence_d.mat
  artifactKey: Guid(cb843698ff3044f47a2cdab6a49ef035) Importer(815301076,1909f56bfc062723c751e8b465ee728b)
Start importing Assets/Fence pack/Materials/fence_d.mat using Guid(cb843698ff3044f47a2cdab6a49ef035) Importer(815301076,1909f56bfc062723c751e8b465ee728b)  -> (artifact id: '35cab203054e80cdd26a0df8d72bde90') in 0.024563 seconds 
========================================================================
Received Import Request.
  Time since last request: 0.000209 seconds.
  path: Assets/Fence pack/Materials/fence_c.mat
  artifactKey: Guid(803d70e780cd880489fcdde5c3013f3e) Importer(815301076,1909f56bfc062723c751e8b465ee728b)
Start importing Assets/Fence pack/Materials/fence_c.mat using Guid(803d70e780cd880489fcdde5c3013f3e) Importer(815301076,1909f56bfc062723c751e8b465ee728b)  -> (artifact id: 'cf677168eb42d947631ecb24d8c42b24') in 0.025409 seconds 
========================================================================
Received Import Request.
  Time since last request: 0.000277 seconds.
  path: Assets/Fence pack/Materials/fence_b.mat
  artifactKey: Guid(78fe8916ac297e64a8fd32ab9dd09bd4) Importer(815301076,1909f56bfc062723c751e8b465ee728b)
Start importing Assets/Fence pack/Materials/fence_b.mat using Guid(78fe8916ac297e64a8fd32ab9dd09bd4) Importer(815301076,1909f56bfc062723c751e8b465ee728b)  -> (artifact id: 'a44fd538c115b7b9f0b1c6c4f33979f9') in 0.027895 seconds 
========================================================================
Received Import Request.
  Time since last request: 0.000179 seconds.
  path: Assets/Fence pack/Materials/fence_e_f.mat
  artifactKey: Guid(1c074c7db81bad44782137d74a9bd301) Importer(815301076,1909f56bfc062723c751e8b465ee728b)
Start importing Assets/Fence pack/Materials/fence_e_f.mat using Guid(1c074c7db81bad44782137d74a9bd301) Importer(815301076,1909f56bfc062723c751e8b465ee728b)  -> (artifact id: 'aedf54d2439673219f4b1aad8821f287') in 0.029251 seconds 
========================================================================
Received Import Request.
  Time since last request: 0.000158 seconds.
  path: Assets/Fence pack/Materials/fence_g.mat
  artifactKey: Guid(a9766d5e44b6b7746aa9607b599d35ba) Importer(815301076,1909f56bfc062723c751e8b465ee728b)
Start importing Assets/Fence pack/Materials/fence_g.mat using Guid(a9766d5e44b6b7746aa9607b599d35ba) Importer(815301076,1909f56bfc062723c751e8b465ee728b)  -> (artifact id: 'a733b91bc8ae8bf26332cd3af278ab00') in 0.028594 seconds 
========================================================================
Received Import Request.
  Time since last request: 1.016300 seconds.
  path: Assets/Fence pack/Prefabs/fence_a_gate.prefab
  artifactKey: Guid(c17833375ea78984db65d0f43c6d76d1) Importer(815301076,1909f56bfc062723c751e8b465ee728b)
Start importing Assets/Fence pack/Prefabs/fence_a_gate.prefab using Guid(c17833375ea78984db65d0f43c6d76d1) Importer(815301076,1909f56bfc062723c751e8b465ee728b)  -> (artifact id: '5951711871077325401f580a085d783b') in 0.027928 seconds 
========================================================================
Received Import Request.
  Time since last request: 0.000194 seconds.
  path: Assets/Fence pack/Prefabs/fence_d.prefab
  artifactKey: Guid(3a2d1327eff07ce4eaccbbdf2dcbcd0a) Importer(815301076,1909f56bfc062723c751e8b465ee728b)
Start importing Assets/Fence pack/Prefabs/fence_d.prefab using Guid(3a2d1327eff07ce4eaccbbdf2dcbcd0a) Importer(815301076,1909f56bfc062723c751e8b465ee728b)  -> (artifact id: '8bcd68b869aac538ec412aeb3929f03b') in 0.028302 seconds 
========================================================================
Received Import Request.
  Time since last request: 0.000192 seconds.
  path: Assets/Fence pack/Prefabs/fence_b_corner.prefab
  artifactKey: Guid(e2b8798791004904693406ed2ed5245e) Importer(815301076,1909f56bfc062723c751e8b465ee728b)
Start importing Assets/Fence pack/Prefabs/fence_b_corner.prefab using Guid(e2b8798791004904693406ed2ed5245e) Importer(815301076,1909f56bfc062723c751e8b465ee728b)  -> (artifact id: 'b2e1b3f6e3f014e88ebeec59298f5bdb') in 0.029478 seconds 
========================================================================
Received Import Request.
  Time since last request: 0.000248 seconds.
  path: Assets/Fence pack/Prefabs/fence_g_straight2.prefab
  artifactKey: Guid(7a72186447e5db9489b951242b2e9c64) Importer(815301076,1909f56bfc062723c751e8b465ee728b)
Start importing Assets/Fence pack/Prefabs/fence_g_straight2.prefab using Guid(7a72186447e5db9489b951242b2e9c64) Importer(815301076,1909f56bfc062723c751e8b465ee728b)  -> (artifact id: '3e441fe0beff1254baf0efcb253fc11e') in 0.030185 seconds 
========================================================================
Received Import Request.
  Time since last request: 0.000214 seconds.
  path: Assets/Fence pack/Prefabs/Fence_f_straight3.prefab
  artifactKey: Guid(0a4154eacc46663499b287aba5cdb822) Importer(815301076,1909f56bfc062723c751e8b465ee728b)
Start importing Assets/Fence pack/Prefabs/Fence_f_straight3.prefab using Guid(0a4154eacc46663499b287aba5cdb822) Importer(815301076,1909f56bfc062723c751e8b465ee728b)  -> (artifact id: '9bc771152aa6f39e1422d31fd2d27dd5') in 0.030427 seconds 
========================================================================
Received Import Request.
  Time since last request: 0.000276 seconds.
  path: Assets/Fence pack/Prefabs/fence_c_straight1.prefab
  artifactKey: Guid(2dab71233b56bc44c877bcfbe9708855) Importer(815301076,1909f56bfc062723c751e8b465ee728b)
Start importing Assets/Fence pack/Prefabs/fence_c_straight1.prefab using Guid(2dab71233b56bc44c877bcfbe9708855) Importer(815301076,1909f56bfc062723c751e8b465ee728b)  -> (artifact id: 'b9b29ecc36374f4903545ce531544149') in 0.032390 seconds 
========================================================================
Received Import Request.
  Time since last request: 0.000217 seconds.
  path: Assets/Fence pack/Prefabs/fence_g_gate_broke.prefab
  artifactKey: Guid(3e3dad3c1a0d79544a077b2c9305809f) Importer(815301076,1909f56bfc062723c751e8b465ee728b)
Start importing Assets/Fence pack/Prefabs/fence_g_gate_broke.prefab using Guid(3e3dad3c1a0d79544a077b2c9305809f) Importer(815301076,1909f56bfc062723c751e8b465ee728b)  -> (artifact id: '9e409991956d4fa4912bbbb5ebafb3d1') in 0.025984 seconds 
========================================================================
Received Import Request.
  Time since last request: 0.000195 seconds.
  path: Assets/Fence pack/Prefabs/Fence_f_straight2.prefab
  artifactKey: Guid(1b22406375716904ebcd0f67673399a7) Importer(815301076,1909f56bfc062723c751e8b465ee728b)
Start importing Assets/Fence pack/Prefabs/Fence_f_straight2.prefab using Guid(1b22406375716904ebcd0f67673399a7) Importer(815301076,1909f56bfc062723c751e8b465ee728b)  -> (artifact id: '80f8b4d7789d2dda2cbbcfaee1b2189e') in 0.024722 seconds 
========================================================================
Received Import Request.
  Time since last request: 0.000212 seconds.
  path: Assets/Fence pack/Prefabs/fence_c_straight_end.prefab
  artifactKey: Guid(169e0c70657026b42a53789dcb928352) Importer(815301076,1909f56bfc062723c751e8b465ee728b)
Start importing Assets/Fence pack/Prefabs/fence_c_straight_end.prefab using Guid(169e0c70657026b42a53789dcb928352) Importer(815301076,1909f56bfc062723c751e8b465ee728b)  -> (artifact id: '50f5341205fa0e9ee91eb7596e40ef46') in 0.028892 seconds 
========================================================================
Received Import Request.
  Time since last request: 0.000260 seconds.
  path: Assets/Fence pack/Prefabs/Fence_f_straight.prefab
  artifactKey: Guid(26f9e56afa7092c4695e0787a8782697) Importer(815301076,1909f56bfc062723c751e8b465ee728b)
Start importing Assets/Fence pack/Prefabs/Fence_f_straight.prefab using Guid(26f9e56afa7092c4695e0787a8782697) Importer(815301076,1909f56bfc062723c751e8b465ee728b)  -> (artifact id: '09a9ef2305685b9f5c96377cdb972da1') in 0.023879 seconds 
========================================================================
Received Import Request.
  Time since last request: 0.000215 seconds.
  path: Assets/Fence pack/Prefabs/fence_a_straight1.prefab
  artifactKey: Guid(b29bc6159360ca54fbb5ad123bf9db40) Importer(815301076,1909f56bfc062723c751e8b465ee728b)
Start importing Assets/Fence pack/Prefabs/fence_a_straight1.prefab using Guid(b29bc6159360ca54fbb5ad123bf9db40) Importer(815301076,1909f56bfc062723c751e8b465ee728b)  -> (artifact id: '300410e53696a8b2dca2b9ea71bff9b5') in 0.027545 seconds 
========================================================================
Received Import Request.
  Time since last request: 0.000261 seconds.
  path: Assets/Fence pack/Prefabs/fence_c_straight_long.prefab
  artifactKey: Guid(f8ead367c22d6e44e939e01d5d767ec0) Importer(815301076,1909f56bfc062723c751e8b465ee728b)
Start importing Assets/Fence pack/Prefabs/fence_c_straight_long.prefab using Guid(f8ead367c22d6e44e939e01d5d767ec0) Importer(815301076,1909f56bfc062723c751e8b465ee728b)  -> (artifact id: 'a57e6d6729250f026be35c312ec389cf') in 0.026816 seconds 
========================================================================
Received Import Request.
  Time since last request: 0.000177 seconds.
  path: Assets/Fence pack/Prefabs/Fence_g_gate.prefab
  artifactKey: Guid(527fe3df84949fc40801822247254a1e) Importer(815301076,1909f56bfc062723c751e8b465ee728b)
Start importing Assets/Fence pack/Prefabs/Fence_g_gate.prefab using Guid(527fe3df84949fc40801822247254a1e) Importer(815301076,1909f56bfc062723c751e8b465ee728b)  -> (artifact id: '6e82ccf967772921dc5db8ed4a3277db') in 0.024325 seconds 
========================================================================
Received Import Request.
  Time since last request: 0.000180 seconds.
  path: Assets/Fence pack/Prefabs/fence_b_straight.prefab
  artifactKey: Guid(4b5f52c3d5052c64798ce7b87e728961) Importer(815301076,1909f56bfc062723c751e8b465ee728b)
Start importing Assets/Fence pack/Prefabs/fence_b_straight.prefab using Guid(4b5f52c3d5052c64798ce7b87e728961) Importer(815301076,1909f56bfc062723c751e8b465ee728b)  -> (artifact id: '096f2c1166e5707ca636f87d699d2203') in 0.027329 seconds 
========================================================================
Received Import Request.
  Time since last request: 0.000215 seconds.
  path: Assets/Fence pack/Prefabs/Fence_e_straight 1.prefab
  artifactKey: Guid(4357217ce6e63554f97828955f1d9394) Importer(815301076,1909f56bfc062723c751e8b465ee728b)
Start importing Assets/Fence pack/Prefabs/Fence_e_straight 1.prefab using Guid(4357217ce6e63554f97828955f1d9394) Importer(815301076,1909f56bfc062723c751e8b465ee728b)  -> (artifact id: '57e4e243ab302078842f311e6b576ee4') in 0.021877 seconds 
========================================================================
Received Import Request.
  Time since last request: 0.000168 seconds.
  path: Assets/Fence pack/Prefabs/fence_a_straight_long.prefab
  artifactKey: Guid(ce57fa5d164b67448b02035b1283721c) Importer(815301076,1909f56bfc062723c751e8b465ee728b)
Start importing Assets/Fence pack/Prefabs/fence_a_straight_long.prefab using Guid(ce57fa5d164b67448b02035b1283721c) Importer(815301076,1909f56bfc062723c751e8b465ee728b)  -> (artifact id: 'cdf75e274d0506f2a6dc53f835b50167') in 0.025391 seconds 
========================================================================
Received Import Request.
  Time since last request: 0.000203 seconds.
  path: Assets/Fence pack/Prefabs/fence_a_turn.prefab
  artifactKey: Guid(9086358f316fa634b9f0c48bea978d3f) Importer(815301076,1909f56bfc062723c751e8b465ee728b)
Start importing Assets/Fence pack/Prefabs/fence_a_turn.prefab using Guid(9086358f316fa634b9f0c48bea978d3f) Importer(815301076,1909f56bfc062723c751e8b465ee728b)  -> (artifact id: '31f03deb22c0dfabe80ea2121ecf5f50') in 0.026325 seconds 
========================================================================
Received Import Request.
  Time since last request: 0.000177 seconds.
  path: Assets/Fence pack/Prefabs/fence_g_straight1.prefab
  artifactKey: Guid(da9e74826c0cb654495543446b5a912a) Importer(815301076,1909f56bfc062723c751e8b465ee728b)
Start importing Assets/Fence pack/Prefabs/fence_g_straight1.prefab using Guid(da9e74826c0cb654495543446b5a912a) Importer(815301076,1909f56bfc062723c751e8b465ee728b)  -> (artifact id: '5b7d07cfc9d9e7e4da4fde565e1c7876') in 0.026331 seconds 
========================================================================
Received Import Request.
  Time since last request: 0.000186 seconds.
  path: Assets/Fence pack/Prefabs/fence_g_straight3.prefab
  artifactKey: Guid(ff92539697b26c245a48a16ba7eff6e2) Importer(815301076,1909f56bfc062723c751e8b465ee728b)
Start importing Assets/Fence pack/Prefabs/fence_g_straight3.prefab using Guid(ff92539697b26c245a48a16ba7eff6e2) Importer(815301076,1909f56bfc062723c751e8b465ee728b)  -> (artifact id: '509fdc6ed7776f30ff4db98fae7186b3') in 0.027095 seconds 
========================================================================
Received Import Request.
  Time since last request: 0.000197 seconds.
  path: Assets/Fence pack/Prefabs/fence_c_straight_turn.prefab
  artifactKey: Guid(adf7599abf17937489efd02e6555cb84) Importer(815301076,1909f56bfc062723c751e8b465ee728b)
Start importing Assets/Fence pack/Prefabs/fence_c_straight_turn.prefab using Guid(adf7599abf17937489efd02e6555cb84) Importer(815301076,1909f56bfc062723c751e8b465ee728b)  -> (artifact id: '817ca36135c6019aa988057202233029') in 0.027515 seconds 
========================================================================
Received Import Request.
  Time since last request: 0.000241 seconds.
  path: Assets/Fence pack/Prefabs/fence_b_gate.prefab
  artifactKey: Guid(97ff22a5981f9a748b91d3f26a779100) Importer(815301076,1909f56bfc062723c751e8b465ee728b)
Start importing Assets/Fence pack/Prefabs/fence_b_gate.prefab using Guid(97ff22a5981f9a748b91d3f26a779100) Importer(815301076,1909f56bfc062723c751e8b465ee728b)  -> (artifact id: 'b9b454ebe1f7a1e84f9c7d6e7c9c2765') in 0.026899 seconds 
========================================================================
Received Import Request.
  Time since last request: 0.000179 seconds.
  path: Assets/Fence pack/Prefabs/fence_c_gate3.prefab
  artifactKey: Guid(674aed4c152b62f48852cfddd96f6fb2) Importer(815301076,1909f56bfc062723c751e8b465ee728b)
Start importing Assets/Fence pack/Prefabs/fence_c_gate3.prefab using Guid(674aed4c152b62f48852cfddd96f6fb2) Importer(815301076,1909f56bfc062723c751e8b465ee728b)  -> (artifact id: '8dafa3b995443c38504b390b15cc8747') in 0.024742 seconds 
========================================================================
Received Import Request.
  Time since last request: 0.000195 seconds.
  path: Assets/Fence pack/Prefabs/fence_a_straight_end.prefab
  artifactKey: Guid(71ad279a59e163044b203bde5e353162) Importer(815301076,1909f56bfc062723c751e8b465ee728b)
Start importing Assets/Fence pack/Prefabs/fence_a_straight_end.prefab using Guid(71ad279a59e163044b203bde5e353162) Importer(815301076,1909f56bfc062723c751e8b465ee728b)  -> (artifact id: '635daadafcfe96e0836f586e3604bf7a') in 0.034790 seconds 
========================================================================
Received Import Request.
  Time since last request: 0.000179 seconds.
  path: Assets/Fence pack/Prefabs/Fence_e_straight1.prefab
  artifactKey: Guid(6670cfccda906b04a835d0476bb3e60b) Importer(815301076,1909f56bfc062723c751e8b465ee728b)
Start importing Assets/Fence pack/Prefabs/Fence_e_straight1.prefab using Guid(6670cfccda906b04a835d0476bb3e60b) Importer(815301076,1909f56bfc062723c751e8b465ee728b)  -> (artifact id: '2a3e0cc943f13e06022283d10385f80d') in 0.022937 seconds 
========================================================================
Received Import Request.
  Time since last request: 139.099758 seconds.
  path: Assets/meatal.mat
  artifactKey: Guid(6e8b09061e73fac478b7db62f72267ee) Importer(815301076,1909f56bfc062723c751e8b465ee728b)
Start importing Assets/meatal.mat using Guid(6e8b09061e73fac478b7db62f72267ee) Importer(815301076,1909f56bfc062723c751e8b465ee728b)  -> (artifact id: '39e4be12e6eb67d55177f61ec21f8463') in 0.015606 seconds 
========================================================================
Received Import Request.
  Time since last request: 0.000266 seconds.
  path: Assets/TerrainData_79878b5e-4c0b-4f68-b3d5-6555e70d1832.asset
  artifactKey: Guid(ce76971749ee5d9458c181b23fe06488) Importer(815301076,1909f56bfc062723c751e8b465ee728b)
Start importing Assets/TerrainData_79878b5e-4c0b-4f68-b3d5-6555e70d1832.asset using Guid(ce76971749ee5d9458c181b23fe06488) Importer(815301076,1909f56bfc062723c751e8b465ee728b)  -> (artifact id: '5f2c17e2cd87ec68fb3fed92f3ef96e2') in 0.022445 seconds 
========================================================================
Received Import Request.
  Time since last request: 0.000197 seconds.
  path: Assets/New Terrain 1.asset
  artifactKey: Guid(cb76c503ded7b3e4a9aaea982c10b078) Importer(815301076,1909f56bfc062723c751e8b465ee728b)
Start importing Assets/New Terrain 1.asset using Guid(cb76c503ded7b3e4a9aaea982c10b078) Importer(815301076,1909f56bfc062723c751e8b465ee728b)  -> (artifact id: 'd11695c81e5f835b7e32c01d310afdf9') in 0.019986 seconds 
========================================================================
Received Import Request.
  Time since last request: 0.000197 seconds.
  path: Assets/metal2.mat
  artifactKey: Guid(2b71cf04964075d4184bd6969d9dd4db) Importer(815301076,1909f56bfc062723c751e8b465ee728b)
Start importing Assets/metal2.mat using Guid(2b71cf04964075d4184bd6969d9dd4db) Importer(815301076,1909f56bfc062723c751e8b465ee728b)  -> (artifact id: 'f3793767334f65e7df57c3138269feaa') in 0.026219 seconds 
========================================================================
Received Import Request.
  Time since last request: 6.200229 seconds.
  path: Assets/fence_c_straight_end Variant.prefab
  artifactKey: Guid(c53dccc24aaa8b145838cc4c27c8c309) Importer(815301076,1909f56bfc062723c751e8b465ee728b)
Start importing Assets/fence_c_straight_end Variant.prefab using Guid(c53dccc24aaa8b145838cc4c27c8c309) Importer(815301076,1909f56bfc062723c751e8b465ee728b)  -> (artifact id: '3a2c651e46fa90c408b962291e58e9d6') in 0.037486 seconds 
========================================================================
Received Import Request.
  Time since last request: 12.000757 seconds.
  path: Assets/fence_c_straight_end.prefab
  artifactKey: Guid(2f49886af6b88bd4da397be5406667e0) Importer(815301076,1909f56bfc062723c751e8b465ee728b)
Start importing Assets/fence_c_straight_end.prefab using Guid(2f49886af6b88bd4da397be5406667e0) Importer(815301076,1909f56bfc062723c751e8b465ee728b)  -> (artifact id: '9246f8c3aff273f9ef0cdc61ddbe4d4e') in 0.035012 seconds 
========================================================================
Received Import Request.
  Time since last request: 129.478269 seconds.
  path: Assets/fence_c_straight_end Variant Variant.prefab
  artifactKey: Guid(3dfa01ff85475a542b41b413148e5e8d) Importer(815301076,1909f56bfc062723c751e8b465ee728b)
Start importing Assets/fence_c_straight_end Variant Variant.prefab using Guid(3dfa01ff85475a542b41b413148e5e8d) Importer(815301076,1909f56bfc062723c751e8b465ee728b)  -> (artifact id: '483d4463e8ee75a4d6da079a48b1a99a') in 0.034555 seconds 
========================================================================
Received Import Request.
  Time since last request: 9.760768 seconds.
  path: Assets/fence_c_straight_end Variant Variant.prefab
  artifactKey: Guid(3dfa01ff85475a542b41b413148e5e8d) Importer(815301076,1909f56bfc062723c751e8b465ee728b)
Start importing Assets/fence_c_straight_end Variant Variant.prefab using Guid(3dfa01ff85475a542b41b413148e5e8d) Importer(815301076,1909f56bfc062723c751e8b465ee728b)  -> (artifact id: 'bf56814b98abb659e14bbeec8dae4268') in 0.015258 seconds 
========================================================================
Received Import Request.
  Time since last request: 21.591693 seconds.
  path: Assets/Fence pack/Prefabs
  artifactKey: Guid(3f9b50e90c1004045bb28878e791b80c) Importer(815301076,1909f56bfc062723c751e8b465ee728b)
Start importing Assets/Fence pack/Prefabs using Guid(3f9b50e90c1004045bb28878e791b80c) Importer(815301076,1909f56bfc062723c751e8b465ee728b)  -> (artifact id: '08cd5eee05f3caad93405536f7ceabea') in 0.005396 seconds 
========================================================================
Received Import Request.
  Time since last request: 190.605404 seconds.
  path: Assets/fence_c_straight_end.prefab
  artifactKey: Guid(2f49886af6b88bd4da397be5406667e0) Importer(815301076,1909f56bfc062723c751e8b465ee728b)
Start importing Assets/fence_c_straight_end.prefab using Guid(2f49886af6b88bd4da397be5406667e0) Importer(815301076,1909f56bfc062723c751e8b465ee728b)  -> (artifact id: 'f3b7cec8c8ca4211c137bee45ca1fcd7') in 0.032334 seconds 
========================================================================
Received Import Request.
  Time since last request: 807.938464 seconds.
  path: Assets/Submission/Stone Wall - Photo Based PBR
  artifactKey: Guid(38778e1120ea99e42996ae5b0db4bf01) Importer(815301076,1909f56bfc062723c751e8b465ee728b)
Start importing Assets/Submission/Stone Wall - Photo Based PBR using Guid(38778e1120ea99e42996ae5b0db4bf01) Importer(815301076,1909f56bfc062723c751e8b465ee728b)  -> (artifact id: '074890420e811440b067f0388fc8a8b8') in 0.006060 seconds 
========================================================================
Received Import Request.
  Time since last request: 1.549624 seconds.
  path: Assets/Submission/Stone Wall - Photo Based PBR/Materials
  artifactKey: Guid(6de87ee12bc2d784ebb1b3f03ac76048) Importer(815301076,1909f56bfc062723c751e8b465ee728b)
Start importing Assets/Submission/Stone Wall - Photo Based PBR/Materials using Guid(6de87ee12bc2d784ebb1b3f03ac76048) Importer(815301076,1909f56bfc062723c751e8b465ee728b)  -> (artifact id: 'bf9db71128cee7295cfdf1d259f73cd9') in 0.006234 seconds 
========================================================================
Received Import Request.
  Time since last request: 0.082311 seconds.
  path: Assets/Submission/Stone Wall - Photo Based PBR/Materials/StoneWall01_Standard_Environment.mat
  artifactKey: Guid(cfa5f371aff54b141b26d66c0cd0935d) Importer(815301076,1909f56bfc062723c751e8b465ee728b)
Start importing Assets/Submission/Stone Wall - Photo Based PBR/Materials/StoneWall01_Standard_Environment.mat using Guid(cfa5f371aff54b141b26d66c0cd0935d) Importer(815301076,1909f56bfc062723c751e8b465ee728b)  -> (artifact id: '2801759db4e258fe43cc4f1f3beb0adf') in 0.043448 seconds 
========================================================================
Received Import Request.
  Time since last request: 33.299890 seconds.
  path: Assets/small_town_america/general/textures/flagpole
  artifactKey: Guid(3806c5645b8940c4f9f38057b597314f) Importer(815301076,1909f56bfc062723c751e8b465ee728b)
Start importing Assets/small_town_america/general/textures/flagpole using Guid(3806c5645b8940c4f9f38057b597314f) Importer(815301076,1909f56bfc062723c751e8b465ee728b)  -> (artifact id: 'ae9673fc8571146bcf46f1a8183757bd') in 0.006507 seconds 
========================================================================
Received Import Request.
  Time since last request: 0.678745 seconds.
  path: Assets/small_town_america/general/textures/road_signs
  artifactKey: Guid(c4602960ef4c03a428e109f43f7079d6) Importer(815301076,1909f56bfc062723c751e8b465ee728b)
Start importing Assets/small_town_america/general/textures/road_signs using Guid(c4602960ef4c03a428e109f43f7079d6) Importer(815301076,1909f56bfc062723c751e8b465ee728b)  -> (artifact id: 'cc35c00d2208bc6b8eeecb5816de3f2c') in 0.002078 seconds 
========================================================================
Received Import Request.
  Time since last request: 87.200288 seconds.
  path: Assets/8K Skybox Pack Free/Skyboxes
  artifactKey: Guid(34d05b5f2938c1243b17c3f8c2e5937d) Importer(815301076,1909f56bfc062723c751e8b465ee728b)
Start importing Assets/8K Skybox Pack Free/Skyboxes using Guid(34d05b5f2938c1243b17c3f8c2e5937d) Importer(815301076,1909f56bfc062723c751e8b465ee728b)  -> (artifact id: 'e5d3251895caf1f660e0aa96875b585e') in 0.006297 seconds 
========================================================================
Received Import Request.
  Time since last request: 1.175426 seconds.
  path: Assets/8K Skybox Pack Free/Skyboxes/Material
  artifactKey: Guid(9999d0c0c7d006844a57229b10e78a25) Importer(815301076,1909f56bfc062723c751e8b465ee728b)
Start importing Assets/8K Skybox Pack Free/Skyboxes/Material using Guid(9999d0c0c7d006844a57229b10e78a25) Importer(815301076,1909f56bfc062723c751e8b465ee728b)  -> (artifact id: 'a8dd59fd3ed1f957a85304c9dbbe44b7') in 0.006110 seconds 
========================================================================
Received Import Request.
  Time since last request: 0.106164 seconds.
  path: Assets/8K Skybox Pack Free/Skyboxes/Material/sky-1.mat
  artifactKey: Guid(c8e304140c860744783e1aa250535791) Importer(815301076,1909f56bfc062723c751e8b465ee728b)
Start importing Assets/8K Skybox Pack Free/Skyboxes/Material/sky-1.mat using Guid(c8e304140c860744783e1aa250535791) Importer(815301076,1909f56bfc062723c751e8b465ee728b)  -> (artifact id: '68ca3c70e89c64872cf2fae8ef0b1612') in 0.088706 seconds 
========================================================================
Received Import Request.
  Time since last request: 0.000192 seconds.
  path: Assets/8K Skybox Pack Free/Skyboxes/Material/sky-5.mat
  artifactKey: Guid(03389866351d19a47adc95c57d054097) Importer(815301076,1909f56bfc062723c751e8b465ee728b)
Start importing Assets/8K Skybox Pack Free/Skyboxes/Material/sky-5.mat using Guid(03389866351d19a47adc95c57d054097) Importer(815301076,1909f56bfc062723c751e8b465ee728b)  -> (artifact id: 'f31f5e235d7ddc1a416c565c5f3100c9') in 0.086599 seconds 
========================================================================
Received Import Request.
  Time since last request: 0.000228 seconds.
  path: Assets/8K Skybox Pack Free/Skyboxes/Material/sky-6.mat
  artifactKey: Guid(b87cacf51931a5841b5931a664fd0730) Importer(815301076,1909f56bfc062723c751e8b465ee728b)
Start importing Assets/8K Skybox Pack Free/Skyboxes/Material/sky-6.mat using Guid(b87cacf51931a5841b5931a664fd0730) Importer(815301076,1909f56bfc062723c751e8b465ee728b)  -> (artifact id: '9071e93c56ffc66bcef5672a5624da44') in 0.075639 seconds 
========================================================================
Received Import Request.
  Time since last request: 0.000192 seconds.
  path: Assets/8K Skybox Pack Free/Skyboxes/Material/sky-2.mat
  artifactKey: Guid(9b7ca251e8646c54db0a77ae2021bf9b) Importer(815301076,1909f56bfc062723c751e8b465ee728b)
Start importing Assets/8K Skybox Pack Free/Skyboxes/Material/sky-2.mat using Guid(9b7ca251e8646c54db0a77ae2021bf9b) Importer(815301076,1909f56bfc062723c751e8b465ee728b)  -> (artifact id: 'e06ada9ce1206235b0dd2f1ced044e95') in 0.050371 seconds 
========================================================================
Received Import Request.
  Time since last request: 0.000255 seconds.
  path: Assets/8K Skybox Pack Free/Skyboxes/Material/sky-11.mat
  artifactKey: Guid(0657637449dfba34f84c2e4cf23683b6) Importer(815301076,1909f56bfc062723c751e8b465ee728b)
Start importing Assets/8K Skybox Pack Free/Skyboxes/Material/sky-11.mat using Guid(0657637449dfba34f84c2e4cf23683b6) Importer(815301076,1909f56bfc062723c751e8b465ee728b)  -> (artifact id: 'b51d470f7a6b548c57ad7ee4ccd4a700') in 0.049107 seconds 
========================================================================
Received Import Request.
  Time since last request: 0.000186 seconds.
  path: Assets/8K Skybox Pack Free/Skyboxes/Material/sky-12.mat
  artifactKey: Guid(356decb03293f22498cb5565d128c9da) Importer(815301076,1909f56bfc062723c751e8b465ee728b)
Start importing Assets/8K Skybox Pack Free/Skyboxes/Material/sky-12.mat using Guid(356decb03293f22498cb5565d128c9da) Importer(815301076,1909f56bfc062723c751e8b465ee728b)  -> (artifact id: '816499d627e648ae22c7bf3c469a6740') in 0.050581 seconds 
========================================================================
Received Import Request.
  Time since last request: 0.000189 seconds.
  path: Assets/8K Skybox Pack Free/Skyboxes/Material/sky-8.mat
  artifactKey: Guid(ebc9df751692e5740abb521f3539fcd0) Importer(815301076,1909f56bfc062723c751e8b465ee728b)
Start importing Assets/8K Skybox Pack Free/Skyboxes/Material/sky-8.mat using Guid(ebc9df751692e5740abb521f3539fcd0) Importer(815301076,1909f56bfc062723c751e8b465ee728b)  -> (artifact id: '88787d80ad2bd03d4be7410df8f04bc8') in 0.051003 seconds 
========================================================================
Received Import Request.
  Time since last request: 0.000219 seconds.
  path: Assets/8K Skybox Pack Free/Skyboxes/Material/sky-3.mat
  artifactKey: Guid(23002981675cee84bbbebf0794b85ea2) Importer(815301076,1909f56bfc062723c751e8b465ee728b)
Start importing Assets/8K Skybox Pack Free/Skyboxes/Material/sky-3.mat using Guid(23002981675cee84bbbebf0794b85ea2) Importer(815301076,1909f56bfc062723c751e8b465ee728b)  -> (artifact id: '8cd7d2ec1a149cbd258902ce3d68b2e1') in 0.049670 seconds 
========================================================================
Received Import Request.
  Time since last request: 0.000172 seconds.
  path: Assets/8K Skybox Pack Free/Skyboxes/Material/sky-4.mat
  artifactKey: Guid(4e4980336892d9546bf0bf0e3f30c265) Importer(815301076,1909f56bfc062723c751e8b465ee728b)
Start importing Assets/8K Skybox Pack Free/Skyboxes/Material/sky-4.mat using Guid(4e4980336892d9546bf0bf0e3f30c265) Importer(815301076,1909f56bfc062723c751e8b465ee728b)  -> (artifact id: 'ddbc2bd77385fe74b431f2afd8dc6736') in 0.045875 seconds 
========================================================================
Received Import Request.
  Time since last request: 0.000196 seconds.
  path: Assets/8K Skybox Pack Free/Skyboxes/Material/sky-9.mat
  artifactKey: Guid(52d44e5692d0c134f9b2ed3abd21fb73) Importer(815301076,1909f56bfc062723c751e8b465ee728b)
Start importing Assets/8K Skybox Pack Free/Skyboxes/Material/sky-9.mat using Guid(52d44e5692d0c134f9b2ed3abd21fb73) Importer(815301076,1909f56bfc062723c751e8b465ee728b)  -> (artifact id: 'c074711c3945d0dcdd4e3e913a87c924') in 0.046052 seconds 
========================================================================
Received Import Request.
  Time since last request: 0.000200 seconds.
  path: Assets/8K Skybox Pack Free/Skyboxes/Material/sky-7.mat
  artifactKey: Guid(5336727d7be32404c9ac396789142e1c) Importer(815301076,1909f56bfc062723c751e8b465ee728b)
Start importing Assets/8K Skybox Pack Free/Skyboxes/Material/sky-7.mat using Guid(5336727d7be32404c9ac396789142e1c) Importer(815301076,1909f56bfc062723c751e8b465ee728b)  -> (artifact id: 'f2bd218b8386987799ba79c30c492904') in 0.051412 seconds 
========================================================================
Received Import Request.
  Time since last request: 0.000208 seconds.
  path: Assets/8K Skybox Pack Free/Skyboxes/Material/sky-10.mat
  artifactKey: Guid(47b7a45414f3b564e9e8349bfa18b29f) Importer(815301076,1909f56bfc062723c751e8b465ee728b)
Start importing Assets/8K Skybox Pack Free/Skyboxes/Material/sky-10.mat using Guid(47b7a45414f3b564e9e8349bfa18b29f) Importer(815301076,1909f56bfc062723c751e8b465ee728b)  -> (artifact id: '157c8a573a660fb5f803446ce2417ac9') in 0.051706 seconds 
========================================================================
Received Import Request.
  Time since last request: 1.400788 seconds.
  path: Assets/8K Skybox Pack Free/Skyboxes/Texture/sky-6.png
  artifactKey: Guid(22f0efbf93ea81b49bce3ac5f1488041) Importer(815301076,1909f56bfc062723c751e8b465ee728b)
Start importing Assets/8K Skybox Pack Free/Skyboxes/Texture/sky-6.png using Guid(22f0efbf93ea81b49bce3ac5f1488041) Importer(815301076,1909f56bfc062723c751e8b465ee728b)  -> (artifact id: 'de4f5ac9646e958680cc7d7a1e276c1c') in 0.567435 seconds 
========================================================================
Received Import Request.
  Time since last request: 1009.201793 seconds.
  path: Assets/RDL/Security_Pack/Prefabs
  artifactKey: Guid(51428b37ee3594b75911ed83794cef50) Importer(815301076,1909f56bfc062723c751e8b465ee728b)
Start importing Assets/RDL/Security_Pack/Prefabs using Guid(51428b37ee3594b75911ed83794cef50) Importer(815301076,1909f56bfc062723c751e8b465ee728b)  -> (artifact id: '4842c4ae946e8acb10451dd2a676f169') in 0.003102 seconds 
========================================================================
Received Import Request.
  Time since last request: 124.558213 seconds.
  path: Assets/ApocalypticBuildings/DirtyGlassMat.mat
  artifactKey: Guid(9ec0b6c6a444bdb448479a6ce54682f9) Importer(815301076,1909f56bfc062723c751e8b465ee728b)
Start importing Assets/ApocalypticBuildings/DirtyGlassMat.mat using Guid(9ec0b6c6a444bdb448479a6ce54682f9) Importer(815301076,1909f56bfc062723c751e8b465ee728b)  -> (artifact id: 'afe7675e7f201af6fbfef6eccc9fc947') in 0.213851 seconds 
========================================================================
Received Import Request.
  Time since last request: 0.000164 seconds.
  path: Assets/ApocalypticBuildings/DirtyGlassMat_AlbedoTransparency.png
  artifactKey: Guid(65c8137e3f852ab438689c600a3dcf8b) Importer(815301076,1909f56bfc062723c751e8b465ee728b)
Start importing Assets/ApocalypticBuildings/DirtyGlassMat_AlbedoTransparency.png using Guid(65c8137e3f852ab438689c600a3dcf8b) Importer(815301076,1909f56bfc062723c751e8b465ee728b)  -> (artifact id: '586eaab636810d27a3f5f0ca1142a4b9') in 0.017554 seconds 
========================================================================
Received Import Request.
  Time since last request: 0.000193 seconds.
  path: Assets/ApocalypticBuildings/DirtyGlassMat_MetallicSmoothness.png
  artifactKey: Guid(6134041bc6f670d4e8e139bb7663fb45) Importer(815301076,1909f56bfc062723c751e8b465ee728b)
Start importing Assets/ApocalypticBuildings/DirtyGlassMat_MetallicSmoothness.png using Guid(6134041bc6f670d4e8e139bb7663fb45) Importer(815301076,1909f56bfc062723c751e8b465ee728b)  -> (artifact id: '7bf56b1df8a1a317e8808288c6609a59') in 0.013315 seconds 
========================================================================
Received Import Request.
  Time since last request: 0.000231 seconds.
  path: Assets/ApocalypticBuildings/UV Grid.mat
  artifactKey: Guid(c4cb45fc902dc294190c39aaf40525d1) Importer(815301076,1909f56bfc062723c751e8b465ee728b)
Start importing Assets/ApocalypticBuildings/UV Grid.mat using Guid(c4cb45fc902dc294190c39aaf40525d1) Importer(815301076,1909f56bfc062723c751e8b465ee728b)  -> (artifact id: '9f463f950b3f9d0304e72ef165766ec1') in 0.022892 seconds 
========================================================================
Received Import Request.
  Time since last request: 0.000232 seconds.
  path: Assets/ApocalypticBuildings/UV Grid.jpg
  artifactKey: Guid(480fb1bf662c28043a19e9825a107f25) Importer(815301076,1909f56bfc062723c751e8b465ee728b)
Start importing Assets/ApocalypticBuildings/UV Grid.jpg using Guid(480fb1bf662c28043a19e9825a107f25) Importer(815301076,1909f56bfc062723c751e8b465ee728b)  -> (artifact id: '9a8d3f2656d6a769d30c27a1893673cc') in 0.012295 seconds 
========================================================================
Received Import Request.
  Time since last request: 1.309601 seconds.
  path: Assets/ApocalypticBuildings/ApocalypticProps
  artifactKey: Guid(04a26cd797306d041a79ded7c7d897d4) Importer(815301076,1909f56bfc062723c751e8b465ee728b)
Start importing Assets/ApocalypticBuildings/ApocalypticProps using Guid(04a26cd797306d041a79ded7c7d897d4) Importer(815301076,1909f56bfc062723c751e8b465ee728b)  -> (artifact id: '319c516cf62098b40e849ef81f337970') in 0.006072 seconds 
========================================================================
Received Import Request.
  Time since last request: 4.845730 seconds.
  path: Assets/ApocalypticBuildings/ApocalypticProps/Materials
  artifactKey: Guid(e43bedee70c29a047b092b631e96a3dc) Importer(815301076,1909f56bfc062723c751e8b465ee728b)
Start importing Assets/ApocalypticBuildings/ApocalypticProps/Materials using Guid(e43bedee70c29a047b092b631e96a3dc) Importer(815301076,1909f56bfc062723c751e8b465ee728b)  -> (artifact id: 'af840632a5c3496ce7b17bb187590aa6') in 0.002211 seconds 
========================================================================
Received Import Request.
  Time since last request: 0.086296 seconds.
  path: Assets/ApocalypticBuildings/ApocalypticProps/Materials/ApocalypticProps_Flag01.mat
  artifactKey: Guid(e158257f773620e45b297f97c4bd8bb9) Importer(815301076,1909f56bfc062723c751e8b465ee728b)
Start importing Assets/ApocalypticBuildings/ApocalypticProps/Materials/ApocalypticProps_Flag01.mat using Guid(e158257f773620e45b297f97c4bd8bb9) Importer(815301076,1909f56bfc062723c751e8b465ee728b)  -> (artifact id: '6b1f446f89339952e992fb48fe7600e6') in 0.021493 seconds 
========================================================================
Received Import Request.
  Time since last request: 2.917508 seconds.
  path: Assets/ApocalypticBuildings/ApocalypticProps/Prefabs
  artifactKey: Guid(06dbbf97c86db084db4a2cef8ae52c0a) Importer(815301076,1909f56bfc062723c751e8b465ee728b)
Start importing Assets/ApocalypticBuildings/ApocalypticProps/Prefabs using Guid(06dbbf97c86db084db4a2cef8ae52c0a) Importer(815301076,1909f56bfc062723c751e8b465ee728b)  -> (artifact id: 'b1fd63b684f94d7f18155e01dce0830f') in 0.005395 seconds 
========================================================================
Received Import Request.
  Time since last request: 0.057568 seconds.
  path: Assets/ApocalypticBuildings/ApocalypticProps/Prefabs/ApocalypticFlag01.prefab
  artifactKey: Guid(e935190224816504ca288ad6b3ff47f2) Importer(815301076,1909f56bfc062723c751e8b465ee728b)
Start importing Assets/ApocalypticBuildings/ApocalypticProps/Prefabs/ApocalypticFlag01.prefab using Guid(e935190224816504ca288ad6b3ff47f2) Importer(815301076,1909f56bfc062723c751e8b465ee728b)  -> (artifact id: '9db41ae9f8fcaa153642a99d53832846') in 0.018278 seconds 
========================================================================
Received Import Request.
  Time since last request: 392.409828 seconds.
  path: Assets/ApocalypticBuildings/ApocalypticProps/FBX/ApocalypticFlag01.fbx
  artifactKey: Guid(ab35c64da7e131c48908a7066319d590) Importer(815301076,1909f56bfc062723c751e8b465ee728b)
Start importing Assets/ApocalypticBuildings/ApocalypticProps/FBX/ApocalypticFlag01.fbx using Guid(ab35c64da7e131c48908a7066319d590) Importer(815301076,1909f56bfc062723c751e8b465ee728b)  -> (artifact id: '278e277baf5eb128edaa6279573f15fa') in 0.032648 seconds 
========================================================================
Received Import Request.
  Time since last request: 0.000275 seconds.
  path: Assets/PavingStone/Demo/DemoPlane.FBX
  artifactKey: Guid(9e6bd8dc7d8a58343a33e5706ab13320) Importer(815301076,1909f56bfc062723c751e8b465ee728b)
Start importing Assets/PavingStone/Demo/DemoPlane.FBX using Guid(9e6bd8dc7d8a58343a33e5706ab13320) Importer(815301076,1909f56bfc062723c751e8b465ee728b)  -> (artifact id: 'b136d389be95949f2757d5f688f62efa') in 0.437324 seconds 
========================================================================
Received Import Request.
  Time since last request: 0.614289 seconds.
  path: Assets/small_town_america/general/models/barricades_carstop/general_barricades_carstop_double.fbx
  artifactKey: Guid(6fbecf3ba8915114eaf9d21ffe90e8fd) Importer(815301076,1909f56bfc062723c751e8b465ee728b)
Start importing Assets/small_town_america/general/models/barricades_carstop/general_barricades_carstop_double.fbx using Guid(6fbecf3ba8915114eaf9d21ffe90e8fd) Importer(815301076,1909f56bfc062723c751e8b465ee728b)  -> (artifact id: 'e5416f3b75128a22c64b617f934c88f5') in 0.038939 seconds 
========================================================================
Received Import Request.
  Time since last request: 0.262991 seconds.
  path: Assets/small_town_america/general/models/barricades_carstop/general_barricades_carstop_single.fbx
  artifactKey: Guid(516d43315fd257843800978827a40628) Importer(815301076,1909f56bfc062723c751e8b465ee728b)
Start importing Assets/small_town_america/general/models/barricades_carstop/general_barricades_carstop_single.fbx using Guid(516d43315fd257843800978827a40628) Importer(815301076,1909f56bfc062723c751e8b465ee728b)  -> (artifact id: '12738b6c91061e891d0200a19239f2a6') in 0.033160 seconds 
========================================================================
Received Import Request.
  Time since last request: 0.000210 seconds.
  path: Assets/small_town_america/general/models/flagpole/general_flag.fbx
  artifactKey: Guid(77f9cf8346c32b54996321eafed66066) Importer(815301076,1909f56bfc062723c751e8b465ee728b)
Start importing Assets/small_town_america/general/models/flagpole/general_flag.fbx using Guid(77f9cf8346c32b54996321eafed66066) Importer(815301076,1909f56bfc062723c751e8b465ee728b)  -> (artifact id: '15495fa9d763a27996404d3e7a1e5f2d') in 0.041874 seconds 
========================================================================
Received Import Request.
  Time since last request: 0.000177 seconds.
  path: Assets/small_town_america/general/models/damage_ground/general_damage_ground_2.fbx
  artifactKey: Guid(a64fb859bbc88134dabd7ad0fcc00ec2) Importer(815301076,1909f56bfc062723c751e8b465ee728b)
Start importing Assets/small_town_america/general/models/damage_ground/general_damage_ground_2.fbx using Guid(a64fb859bbc88134dabd7ad0fcc00ec2) Importer(815301076,1909f56bfc062723c751e8b465ee728b)  -> (artifact id: '7f84a15c79cd50af8a740f2b736d8df8') in 0.086062 seconds 
========================================================================
Received Import Request.
  Time since last request: 0.000147 seconds.
  path: Assets/small_town_america/general/models/flagpole/general_flagpole.fbx
  artifactKey: Guid(a2412f1d3f5e0354aa2d7986bbac22fc) Importer(815301076,1909f56bfc062723c751e8b465ee728b)
Start importing Assets/small_town_america/general/models/flagpole/general_flagpole.fbx using Guid(a2412f1d3f5e0354aa2d7986bbac22fc) Importer(815301076,1909f56bfc062723c751e8b465ee728b)  -> (artifact id: '6834820803882e73b8887b3621e0cbe2') in 0.043847 seconds 
========================================================================
Received Import Request.
  Time since last request: 0.000206 seconds.
  path: Assets/small_town_america/general/models/damage_ground/general_damage_ground_3.fbx
  artifactKey: Guid(21eaca6bd5d9e0f41b2bb4a747132e75) Importer(815301076,1909f56bfc062723c751e8b465ee728b)
Start importing Assets/small_town_america/general/models/damage_ground/general_damage_ground_3.fbx using Guid(21eaca6bd5d9e0f41b2bb4a747132e75) Importer(815301076,1909f56bfc062723c751e8b465ee728b)  -> (artifact id: '153def0c19852ef182b42c546520c481') in 0.055848 seconds 
========================================================================
Received Import Request.
  Time since last request: 0.000182 seconds.
  path: Assets/small_town_america/general/models/damage_ground/general_damage_ground_1.fbx
  artifactKey: Guid(ea533aa9cc4f86149bb473b4806a776b) Importer(815301076,1909f56bfc062723c751e8b465ee728b)
Start importing Assets/small_town_america/general/models/damage_ground/general_damage_ground_1.fbx using Guid(ea533aa9cc4f86149bb473b4806a776b) Importer(815301076,1909f56bfc062723c751e8b465ee728b)  -> (artifact id: '71e2eb4603e0d37b1ffa750ecfc22756') in 0.052405 seconds 
AssetImportWorkerClient::OnTransportError - code=2 error=End of file
